Running Experiment 1
written input parameters to experiment1/inputs/input_params_50.prp
generated input data in experiment1/inputs/input_data_50.in
written input parameters to experiment1/inputs/input_params_100.prp
generated input data in experiment1/inputs/input_data_100.in
written input parameters to experiment1/inputs/input_params_200.prp
generated input data in experiment1/inputs/input_data_200.in
written input parameters to experiment1/inputs/input_params_531.prp
generated input data in experiment1/inputs/input_data_531.in
written input parameters to experiment1/inputs/input_params_120.prp
generated input data in experiment1/inputs/input_data_120.in
----------- Running RRScheduler -----------
written simulator parameters to experiment1/sim_params/RRScheduler_sim_params.prp
----------- Running with seed: 50... -----------
------- Finished Running RRScheduler --------
----------- Running with seed: 100... -----------
------- Finished Running RRScheduler --------
----------- Running with seed: 200... -----------
------- Finished Running RRScheduler --------
----------- Running with seed: 531... -----------
------- Finished Running RRScheduler --------
----------- Running with seed: 120... -----------
------- Finished Running RRScheduler --------
----------- Running SJFScheduler -----------
written simulator parameters to experiment1/sim_params/SJFScheduler_sim_params.prp
----------- Running with seed: 50... -----------
------- Finished Running SJFScheduler --------
----------- Running with seed: 100... -----------
------- Finished Running SJFScheduler --------
----------- Running with seed: 200... -----------
------- Finished Running SJFScheduler --------
----------- Running with seed: 531... -----------
------- Finished Running SJFScheduler --------
----------- Running with seed: 120... -----------
------- Finished Running SJFScheduler --------
----------- Running FcfsScheduler -----------
written simulator parameters to experiment1/sim_params/FcfsScheduler_sim_params.prp
----------- Running with seed: 50... -----------
Scheduler selects process 1
Scheduler selects process 2
Scheduler selects process 3
Scheduler selects process 1
Scheduler selects process 2
Scheduler selects process 3
Scheduler selects process 1
Scheduler selects process 4
Scheduler selects process 2
Scheduler selects process 3
Scheduler selects process 5
Scheduler selects process 1
Scheduler selects process 4
Scheduler selects process 6
Scheduler selects process 7
Scheduler selects process 8
Scheduler selects process 9
Scheduler selects process 10
Scheduler selects process 2
Scheduler selects process 3
Scheduler selects process 11
Scheduler selects process 5
Scheduler selects process 12
Scheduler selects process 1
Scheduler selects process 13
Scheduler selects process 4
Scheduler selects process 14
Scheduler selects process 15
Scheduler selects process 16
Scheduler selects process 17
Scheduler selects process 18
Scheduler selects process 19
Scheduler selects process 20
Scheduler selects process 21
Scheduler selects process 22
Scheduler selects process 23
Scheduler selects process 24
Scheduler selects process 7
Scheduler selects process 25
Scheduler selects process 26
Scheduler selects process 27
Scheduler selects process 28
Scheduler selects process 29
Scheduler selects process 30
Scheduler selects process 10
Scheduler selects process 31
Scheduler selects process 2
Scheduler selects process 3
Scheduler selects process 32
Scheduler selects process 11
Scheduler selects process 33
Scheduler selects process 34
Scheduler selects process 5
Scheduler selects process 35
Scheduler selects process 36
Scheduler selects process 13
Scheduler selects process 37
Scheduler selects process 38
Scheduler selects process 4
Scheduler selects process 39
Scheduler selects process 40
Scheduler selects process 41
Scheduler selects process 42
Scheduler selects process 14
Scheduler selects process 43
Scheduler selects process 16
Scheduler selects process 44
Scheduler selects process 45
Scheduler selects process 46
Scheduler selects process 18
Scheduler selects process 19
Scheduler selects process 20
Scheduler selects process 47
Scheduler selects process 48
Scheduler selects process 49
Scheduler selects process 50
Scheduler selects process 22
Scheduler selects process 23
Scheduler selects process 24
Scheduler selects process 25
Scheduler selects process 26
Scheduler selects process 27
Scheduler selects process 28
Scheduler selects process 29
Scheduler selects process 30
Scheduler selects process 10
Scheduler selects process 31
Scheduler selects process 2
Scheduler selects process 3
Scheduler selects process 32
Scheduler selects process 11
Scheduler selects process 33
Scheduler selects process 34
Scheduler selects process 35
Scheduler selects process 36
Scheduler selects process 13
Scheduler selects process 37
Scheduler selects process 38
Scheduler selects process 4
Scheduler selects process 39
Scheduler selects process 40
Scheduler selects process 41
Scheduler selects process 42
Scheduler selects process 14
Scheduler selects process 43
Scheduler selects process 16
Scheduler selects process 44
Scheduler selects process 45
Scheduler selects process 18
Scheduler selects process 19
Scheduler selects process 47
Scheduler selects process 48
Scheduler selects process 49
Scheduler selects process 50
Scheduler selects process 22
Scheduler selects process 24
Scheduler selects process 25
Scheduler selects process 27
Scheduler selects process 28
Scheduler selects process 29
Scheduler selects process 30
Scheduler selects process 10
Scheduler selects process 31
Scheduler selects process 2
Scheduler selects process 3
Scheduler selects process 32
Scheduler selects process 11
Scheduler selects process 33
Scheduler selects process 34
Scheduler selects process 35
Scheduler selects process 13
Scheduler selects process 37
Scheduler selects process 38
Scheduler selects process 4
Scheduler selects process 41
Scheduler selects process 42
Scheduler selects process 43
Scheduler selects process 16
Scheduler selects process 44
Scheduler selects process 45
Scheduler selects process 47
Scheduler selects process 49
Scheduler selects process 50
Scheduler selects process 22
Scheduler selects process 24
Scheduler selects process 25
Scheduler selects process 27
Scheduler selects process 28
Scheduler selects process 29
Scheduler selects process 31
Scheduler selects process 2
Scheduler selects process 32
Scheduler selects process 11
Scheduler selects process 33
Scheduler selects process 34
Scheduler selects process 35
Scheduler selects process 13
Scheduler selects process 37
Scheduler selects process 4
Scheduler selects process 41
Scheduler selects process 42
Scheduler selects process 43
Scheduler selects process 16
Scheduler selects process 44
Scheduler selects process 47
Scheduler selects process 22
Scheduler selects process 24
Scheduler selects process 25
Scheduler selects process 27
Scheduler selects process 28
Scheduler selects process 29
Scheduler selects process 31
Scheduler selects process 2
Scheduler selects process 32
Scheduler selects process 33
Scheduler selects process 35
Scheduler selects process 37
Scheduler selects process 4
Scheduler selects process 16
Scheduler selects process 44
Scheduler selects process 47
Scheduler selects process 22
Scheduler selects process 24
Scheduler selects process 25
Scheduler selects process 27
Scheduler selects process 29
Scheduler selects process 31
Scheduler selects process 2
Scheduler selects process 32
Scheduler selects process 33
Scheduler selects process 37
Scheduler selects process 4
Scheduler selects process 16
Scheduler selects process 44
Scheduler selects process 47
Scheduler selects process 22
Scheduler selects process 24
Scheduler selects process 25
Scheduler selects process 27
Scheduler selects process 29
Scheduler selects process 2
Scheduler selects process 31
Scheduler selects process 32
Scheduler selects process 37
Scheduler selects process 44
Scheduler selects process 22
Scheduler selects process 24
Scheduler selects process 25
Scheduler selects process 27
Scheduler selects process 29
Scheduler selects process 2
Scheduler selects process 31
Scheduler selects process 37
Scheduler selects process 44
Scheduler selects process 22
Scheduler selects process 25
Scheduler selects process 27
Scheduler selects process 2
Scheduler selects process 31
Scheduler selects process 37
Scheduler selects process 44
Scheduler selects process 22
Scheduler selects process 2
Scheduler selects process 31
Scheduler selects process 37
Scheduler selects process 44
Scheduler selects process 22
Scheduler selects process 31
Scheduler selects process 37
Scheduler selects process 44
Scheduler selects process 31
Scheduler selects process 44
Scheduler selects process null
Scheduler selects process 44
Scheduler selects process null
------- Finished Running FcfsScheduler --------
----------- Running with seed: 100... -----------
Scheduler selects process 1
Scheduler selects process null
Scheduler selects process 1
Scheduler selects process null
Scheduler selects process 1
Scheduler selects process null
Scheduler selects process 1
Scheduler selects process null
Scheduler selects process 1
Scheduler selects process 2
Scheduler selects process 3
Scheduler selects process 2
Scheduler selects process 3
Scheduler selects process 4
Scheduler selects process 2
Scheduler selects process 3
Scheduler selects process 4
Scheduler selects process 5
Scheduler selects process 6
Scheduler selects process 3
Scheduler selects process 7
Scheduler selects process 8
Scheduler selects process 9
Scheduler selects process 4
Scheduler selects process 3
Scheduler selects process 10
Scheduler selects process 11
Scheduler selects process 12
Scheduler selects process 13
Scheduler selects process 14
Scheduler selects process 15
Scheduler selects process 16
Scheduler selects process 17
Scheduler selects process 18
Scheduler selects process 3
Scheduler selects process 19
Scheduler selects process 10
Scheduler selects process 20
Scheduler selects process 11
Scheduler selects process 21
Scheduler selects process 22
Scheduler selects process 12
Scheduler selects process 23
Scheduler selects process 13
Scheduler selects process 14
Scheduler selects process 24
Scheduler selects process 15
Scheduler selects process 25
Scheduler selects process 26
Scheduler selects process 16
Scheduler selects process 17
Scheduler selects process 27
Scheduler selects process 28
Scheduler selects process 18
Scheduler selects process 29
Scheduler selects process 30
Scheduler selects process 31
Scheduler selects process 32
Scheduler selects process 33
Scheduler selects process 34
Scheduler selects process 19
Scheduler selects process 35
Scheduler selects process 10
Scheduler selects process 36
Scheduler selects process 37
Scheduler selects process 20
Scheduler selects process 11
Scheduler selects process 38
Scheduler selects process 21
Scheduler selects process 22
Scheduler selects process 39
Scheduler selects process 12
Scheduler selects process 13
Scheduler selects process 14
Scheduler selects process 40
Scheduler selects process 24
Scheduler selects process 41
Scheduler selects process 15
Scheduler selects process 25
Scheduler selects process 42
Scheduler selects process 43
Scheduler selects process 44
Scheduler selects process 45
Scheduler selects process 26
Scheduler selects process 46
Scheduler selects process 47
Scheduler selects process 48
Scheduler selects process 49
Scheduler selects process 50
Scheduler selects process 27
Scheduler selects process 28
Scheduler selects process 18
Scheduler selects process 29
Scheduler selects process 30
Scheduler selects process 31
Scheduler selects process 32
Scheduler selects process 19
Scheduler selects process 35
Scheduler selects process 10
Scheduler selects process 36
Scheduler selects process 37
Scheduler selects process 20
Scheduler selects process 11
Scheduler selects process 38
Scheduler selects process 21
Scheduler selects process 22
Scheduler selects process 39
Scheduler selects process 14
Scheduler selects process 40
Scheduler selects process 24
Scheduler selects process 41
Scheduler selects process 15
Scheduler selects process 43
Scheduler selects process 45
Scheduler selects process 47
Scheduler selects process 48
Scheduler selects process 50
Scheduler selects process 27
Scheduler selects process 29
Scheduler selects process 30
Scheduler selects process 31
Scheduler selects process 32
Scheduler selects process 19
Scheduler selects process 35
Scheduler selects process 10
Scheduler selects process 37
Scheduler selects process 20
Scheduler selects process 38
Scheduler selects process 21
Scheduler selects process 39
Scheduler selects process 14
Scheduler selects process 40
Scheduler selects process 41
Scheduler selects process 15
Scheduler selects process 43
Scheduler selects process 47
Scheduler selects process 29
Scheduler selects process 30
Scheduler selects process 31
Scheduler selects process 32
Scheduler selects process 19
Scheduler selects process 37
Scheduler selects process 20
Scheduler selects process 38
Scheduler selects process 21
Scheduler selects process 39
Scheduler selects process 40
Scheduler selects process 41
Scheduler selects process 15
Scheduler selects process 43
Scheduler selects process 47
Scheduler selects process 30
Scheduler selects process 31
Scheduler selects process 32
Scheduler selects process 19
Scheduler selects process 20
Scheduler selects process 38
Scheduler selects process 21
Scheduler selects process 39
Scheduler selects process 40
Scheduler selects process 41
Scheduler selects process 15
Scheduler selects process 43
Scheduler selects process 47
Scheduler selects process 30
Scheduler selects process 31
Scheduler selects process 32
Scheduler selects process 19
Scheduler selects process 38
Scheduler selects process 40
Scheduler selects process 41
Scheduler selects process 15
Scheduler selects process 43
Scheduler selects process 30
Scheduler selects process 31
Scheduler selects process 32
Scheduler selects process 19
Scheduler selects process 40
Scheduler selects process 15
Scheduler selects process 43
Scheduler selects process 30
Scheduler selects process 32
Scheduler selects process 40
Scheduler selects process 15
Scheduler selects process 43
Scheduler selects process 30
Scheduler selects process 40
Scheduler selects process 15
Scheduler selects process 40
Scheduler selects process null
Scheduler selects process 40
Scheduler selects process null
Scheduler selects process 40
Scheduler selects process null
------- Finished Running FcfsScheduler --------
----------- Running with seed: 200... -----------
Scheduler selects process 1
Scheduler selects process null
Scheduler selects process 1
Scheduler selects process 2
Scheduler selects process 3
Scheduler selects process 4
Scheduler selects process 5
Scheduler selects process 1
Scheduler selects process 6
Scheduler selects process 7
Scheduler selects process 8
Scheduler selects process 2
Scheduler selects process 9
Scheduler selects process 3
Scheduler selects process 10
Scheduler selects process 11
Scheduler selects process 4
Scheduler selects process 12
Scheduler selects process 6
Scheduler selects process 1
Scheduler selects process 13
Scheduler selects process 14
Scheduler selects process 15
Scheduler selects process 8
Scheduler selects process 16
Scheduler selects process 17
Scheduler selects process 2
Scheduler selects process 18
Scheduler selects process 19
Scheduler selects process 20
Scheduler selects process 9
Scheduler selects process 3
Scheduler selects process 10
Scheduler selects process 21
Scheduler selects process 11
Scheduler selects process 22
Scheduler selects process 23
Scheduler selects process 1
Scheduler selects process 24
Scheduler selects process 13
Scheduler selects process 25
Scheduler selects process 15
Scheduler selects process 8
Scheduler selects process 26
Scheduler selects process 27
Scheduler selects process 28
Scheduler selects process 16
Scheduler selects process 29
Scheduler selects process 30
Scheduler selects process 17
Scheduler selects process 31
Scheduler selects process 32
Scheduler selects process 33
Scheduler selects process 18
Scheduler selects process 19
Scheduler selects process 34
Scheduler selects process 20
Scheduler selects process 35
Scheduler selects process 36
Scheduler selects process 9
Scheduler selects process 37
Scheduler selects process 38
Scheduler selects process 39
Scheduler selects process 3
Scheduler selects process 40
Scheduler selects process 41
Scheduler selects process 10
Scheduler selects process 42
Scheduler selects process 43
Scheduler selects process 44
Scheduler selects process 21
Scheduler selects process 11
Scheduler selects process 22
Scheduler selects process 45
Scheduler selects process 23
Scheduler selects process 46
Scheduler selects process 47
Scheduler selects process 24
Scheduler selects process 13
Scheduler selects process 25
Scheduler selects process 8
Scheduler selects process 26
Scheduler selects process 27
Scheduler selects process 48
Scheduler selects process 49
Scheduler selects process 50
Scheduler selects process 28
Scheduler selects process 29
Scheduler selects process 30
Scheduler selects process 17
Scheduler selects process 31
Scheduler selects process 32
Scheduler selects process 33
Scheduler selects process 18
Scheduler selects process 19
Scheduler selects process 34
Scheduler selects process 20
Scheduler selects process 36
Scheduler selects process 9
Scheduler selects process 37
Scheduler selects process 38
Scheduler selects process 39
Scheduler selects process 3
Scheduler selects process 40
Scheduler selects process 41
Scheduler selects process 10
Scheduler selects process 42
Scheduler selects process 43
Scheduler selects process 44
Scheduler selects process 21
Scheduler selects process 11
Scheduler selects process 23
Scheduler selects process 46
Scheduler selects process 47
Scheduler selects process 24
Scheduler selects process 25
Scheduler selects process 8
Scheduler selects process 27
Scheduler selects process 48
Scheduler selects process 49
Scheduler selects process 50
Scheduler selects process 28
Scheduler selects process 29
Scheduler selects process 30
Scheduler selects process 17
Scheduler selects process 31
Scheduler selects process 32
Scheduler selects process 33
Scheduler selects process 19
Scheduler selects process 34
Scheduler selects process 20
Scheduler selects process 36
Scheduler selects process 9
Scheduler selects process 37
Scheduler selects process 38
Scheduler selects process 39
Scheduler selects process 3
Scheduler selects process 40
Scheduler selects process 41
Scheduler selects process 43
Scheduler selects process 44
Scheduler selects process 21
Scheduler selects process 11
Scheduler selects process 47
Scheduler selects process 24
Scheduler selects process 25
Scheduler selects process 8
Scheduler selects process 27
Scheduler selects process 50
Scheduler selects process 29
Scheduler selects process 17
Scheduler selects process 32
Scheduler selects process 33
Scheduler selects process 19
Scheduler selects process 34
Scheduler selects process 36
Scheduler selects process 9
Scheduler selects process 39
Scheduler selects process 3
Scheduler selects process 40
Scheduler selects process 41
Scheduler selects process 43
Scheduler selects process 44
Scheduler selects process 21
Scheduler selects process 11
Scheduler selects process 24
Scheduler selects process 25
Scheduler selects process 8
Scheduler selects process 17
Scheduler selects process 32
Scheduler selects process 33
Scheduler selects process 19
Scheduler selects process 34
Scheduler selects process 36
Scheduler selects process 9
Scheduler selects process 40
Scheduler selects process 43
Scheduler selects process 44
Scheduler selects process 21
Scheduler selects process 17
Scheduler selects process 33
Scheduler selects process 19
Scheduler selects process 36
Scheduler selects process 9
Scheduler selects process 40
Scheduler selects process 17
Scheduler selects process 19
Scheduler selects process 36
Scheduler selects process 9
Scheduler selects process 17
Scheduler selects process 19
Scheduler selects process 36
Scheduler selects process 9
Scheduler selects process 17
Scheduler selects process 19
Scheduler selects process 36
Scheduler selects process 17
Scheduler selects process 19
Scheduler selects process null
Scheduler selects process 19
Scheduler selects process null
------- Finished Running FcfsScheduler --------
----------- Running with seed: 531... -----------
Scheduler selects process 1
Scheduler selects process null
Scheduler selects process 1
Scheduler selects process null
Scheduler selects process 2
Scheduler selects process 3
Scheduler selects process 1
Scheduler selects process 4
Scheduler selects process 5
Scheduler selects process 6
Scheduler selects process 7
Scheduler selects process 8
Scheduler selects process 2
Scheduler selects process 3
Scheduler selects process 1
Scheduler selects process 9
Scheduler selects process 10
Scheduler selects process 4
Scheduler selects process 11
Scheduler selects process 5
Scheduler selects process 6
Scheduler selects process 7
Scheduler selects process 12
Scheduler selects process 8
Scheduler selects process 13
Scheduler selects process 2
Scheduler selects process 3
Scheduler selects process 14
Scheduler selects process 10
Scheduler selects process 15
Scheduler selects process 16
Scheduler selects process 17
Scheduler selects process 4
Scheduler selects process 11
Scheduler selects process 18
Scheduler selects process 19
Scheduler selects process 5
Scheduler selects process 20
Scheduler selects process 21
Scheduler selects process 22
Scheduler selects process 23
Scheduler selects process 6
Scheduler selects process 7
Scheduler selects process 12
Scheduler selects process 24
Scheduler selects process 25
Scheduler selects process 13
Scheduler selects process 26
Scheduler selects process 27
Scheduler selects process 28
Scheduler selects process 3
Scheduler selects process 14
Scheduler selects process 29
Scheduler selects process 30
Scheduler selects process 31
Scheduler selects process 10
Scheduler selects process 15
Scheduler selects process 32
Scheduler selects process 33
Scheduler selects process 17
Scheduler selects process 34
Scheduler selects process 35
Scheduler selects process 4
Scheduler selects process 11
Scheduler selects process 36
Scheduler selects process 18
Scheduler selects process 37
Scheduler selects process 19
Scheduler selects process 38
Scheduler selects process 39
Scheduler selects process 40
Scheduler selects process 41
Scheduler selects process 42
Scheduler selects process 20
Scheduler selects process 21
Scheduler selects process 22
Scheduler selects process 43
Scheduler selects process 23
Scheduler selects process 6
Scheduler selects process 44
Scheduler selects process 7
Scheduler selects process 45
Scheduler selects process 46
Scheduler selects process 47
Scheduler selects process 24
Scheduler selects process 25
Scheduler selects process 13
Scheduler selects process 48
Scheduler selects process 26
Scheduler selects process 27
Scheduler selects process 49
Scheduler selects process 50
Scheduler selects process 28
Scheduler selects process 3
Scheduler selects process 14
Scheduler selects process 29
Scheduler selects process 30
Scheduler selects process 31
Scheduler selects process 32
Scheduler selects process 34
Scheduler selects process 35
Scheduler selects process 4
Scheduler selects process 37
Scheduler selects process 19
Scheduler selects process 38
Scheduler selects process 39
Scheduler selects process 40
Scheduler selects process 41
Scheduler selects process 42
Scheduler selects process 21
Scheduler selects process 43
Scheduler selects process 23
Scheduler selects process 44
Scheduler selects process 7
Scheduler selects process 45
Scheduler selects process 46
Scheduler selects process 47
Scheduler selects process 24
Scheduler selects process 13
Scheduler selects process 48
Scheduler selects process 27
Scheduler selects process 49
Scheduler selects process 28
Scheduler selects process 3
Scheduler selects process 14
Scheduler selects process 30
Scheduler selects process 32
Scheduler selects process 31
Scheduler selects process 34
Scheduler selects process 35
Scheduler selects process 4
Scheduler selects process 38
Scheduler selects process 40
Scheduler selects process 41
Scheduler selects process 42
Scheduler selects process 21
Scheduler selects process 43
Scheduler selects process 23
Scheduler selects process 44
Scheduler selects process 46
Scheduler selects process 47
Scheduler selects process 48
Scheduler selects process 27
Scheduler selects process 49
Scheduler selects process 3
Scheduler selects process 14
Scheduler selects process 32
Scheduler selects process 31
Scheduler selects process 35
Scheduler selects process 4
Scheduler selects process 38
Scheduler selects process 40
Scheduler selects process 43
Scheduler selects process 23
Scheduler selects process 44
Scheduler selects process 46
Scheduler selects process 47
Scheduler selects process 48
Scheduler selects process 27
Scheduler selects process 3
Scheduler selects process 14
Scheduler selects process 31
Scheduler selects process 4
Scheduler selects process 43
Scheduler selects process 23
Scheduler selects process 46
Scheduler selects process 48
Scheduler selects process 3
Scheduler selects process 14
Scheduler selects process 31
Scheduler selects process 4
Scheduler selects process 23
Scheduler selects process 46
Scheduler selects process 48
Scheduler selects process 3
Scheduler selects process 31
Scheduler selects process 23
Scheduler selects process 46
Scheduler selects process 48
Scheduler selects process 3
Scheduler selects process 46
Scheduler selects process 48
Scheduler selects process 46
Scheduler selects process 48
Scheduler selects process 46
Scheduler selects process 48
Scheduler selects process null
Scheduler selects process 46
Scheduler selects process 48
Scheduler selects process 46
Scheduler selects process null
Scheduler selects process 46
Scheduler selects process null
Scheduler selects process 46
Scheduler selects process null
Scheduler selects process 46
Scheduler selects process null
Scheduler selects process 46
Scheduler selects process null
Scheduler selects process 46
Scheduler selects process null
Scheduler selects process 46
Scheduler selects process null
Scheduler selects process 46
Scheduler selects process null
Scheduler selects process 46
Scheduler selects process null
------- Finished Running FcfsScheduler --------
----------- Running with seed: 120... -----------
Scheduler selects process 1
Scheduler selects process null
Scheduler selects process 2
Scheduler selects process 1
Scheduler selects process null
Scheduler selects process 1
Scheduler selects process 3
Scheduler selects process 4
Scheduler selects process 5
Scheduler selects process 1
Scheduler selects process 6
Scheduler selects process 7
Scheduler selects process 8
Scheduler selects process 3
Scheduler selects process 9
Scheduler selects process 4
Scheduler selects process 5
Scheduler selects process 1
Scheduler selects process 10
Scheduler selects process 7
Scheduler selects process 11
Scheduler selects process 3
Scheduler selects process 12
Scheduler selects process 4
Scheduler selects process 5
Scheduler selects process 13
Scheduler selects process 14
Scheduler selects process 15
Scheduler selects process 10
Scheduler selects process 7
Scheduler selects process 11
Scheduler selects process 16
Scheduler selects process 12
Scheduler selects process 17
Scheduler selects process 18
Scheduler selects process 4
Scheduler selects process 5
Scheduler selects process 13
Scheduler selects process 19
Scheduler selects process 20
Scheduler selects process 15
Scheduler selects process 21
Scheduler selects process 22
Scheduler selects process 23
Scheduler selects process 24
Scheduler selects process 25
Scheduler selects process 26
Scheduler selects process 11
Scheduler selects process 16
Scheduler selects process 12
Scheduler selects process 27
Scheduler selects process 28
Scheduler selects process 18
Scheduler selects process 29
Scheduler selects process 4
Scheduler selects process 5
Scheduler selects process 30
Scheduler selects process 19
Scheduler selects process 31
Scheduler selects process 32
Scheduler selects process 33
Scheduler selects process 34
Scheduler selects process 21
Scheduler selects process 22
Scheduler selects process 23
Scheduler selects process 24
Scheduler selects process 35
Scheduler selects process 36
Scheduler selects process 37
Scheduler selects process 38
Scheduler selects process 25
Scheduler selects process 26
Scheduler selects process 39
Scheduler selects process 11
Scheduler selects process 40
Scheduler selects process 16
Scheduler selects process 12
Scheduler selects process 27
Scheduler selects process 41
Scheduler selects process 28
Scheduler selects process 18
Scheduler selects process 42
Scheduler selects process 4
Scheduler selects process 43
Scheduler selects process 44
Scheduler selects process 5
Scheduler selects process 45
Scheduler selects process 19
Scheduler selects process 31
Scheduler selects process 32
Scheduler selects process 46
Scheduler selects process 33
Scheduler selects process 34
Scheduler selects process 23
Scheduler selects process 47
Scheduler selects process 48
Scheduler selects process 49
Scheduler selects process 50
Scheduler selects process 35
Scheduler selects process 37
Scheduler selects process 25
Scheduler selects process 39
Scheduler selects process 11
Scheduler selects process 40
Scheduler selects process 16
Scheduler selects process 27
Scheduler selects process 41
Scheduler selects process 28
Scheduler selects process 18
Scheduler selects process 42
Scheduler selects process 4
Scheduler selects process 44
Scheduler selects process 45
Scheduler selects process 19
Scheduler selects process 31
Scheduler selects process 32
Scheduler selects process 46
Scheduler selects process 33
Scheduler selects process 23
Scheduler selects process 47
Scheduler selects process 48
Scheduler selects process 49
Scheduler selects process 50
Scheduler selects process 35
Scheduler selects process 25
Scheduler selects process 11
Scheduler selects process 40
Scheduler selects process 16
Scheduler selects process 41
Scheduler selects process 28
Scheduler selects process 18
Scheduler selects process 42
Scheduler selects process 4
Scheduler selects process 45
Scheduler selects process 19
Scheduler selects process 31
Scheduler selects process 32
Scheduler selects process 33
Scheduler selects process 23
Scheduler selects process 47
Scheduler selects process 48
Scheduler selects process 49
Scheduler selects process 50
Scheduler selects process 35
Scheduler selects process 40
Scheduler selects process 16
Scheduler selects process 41
Scheduler selects process 4
Scheduler selects process 31
Scheduler selects process 32
Scheduler selects process 33
Scheduler selects process 48
Scheduler selects process 49
Scheduler selects process 35
Scheduler selects process 40
Scheduler selects process 16
Scheduler selects process 41
Scheduler selects process 4
Scheduler selects process 31
Scheduler selects process 32
Scheduler selects process 48
Scheduler selects process 49
Scheduler selects process 35
Scheduler selects process 4
Scheduler selects process 31
Scheduler selects process 32
Scheduler selects process 49
Scheduler selects process 35
Scheduler selects process 31
Scheduler selects process 32
Scheduler selects process 49
Scheduler selects process 32
Scheduler selects process 49
Scheduler selects process 32
Scheduler selects process 49
Scheduler selects process 32
Scheduler selects process 49
Scheduler selects process 32
Scheduler selects process 49
Scheduler selects process null
Scheduler selects process 49
Scheduler selects process null
Scheduler selects process 49
Scheduler selects process null
Scheduler selects process 49
Scheduler selects process null
Scheduler selects process 49
Scheduler selects process null
Scheduler selects process 49
Scheduler selects process null
Scheduler selects process 49
Scheduler selects process null
------- Finished Running FcfsScheduler --------
----------- Running FeedbackRRScheduler -----------
written simulator parameters to experiment1/sim_params/FeedbackRRScheduler_sim_params.prp
----------- Running with seed: 50... -----------
------- Finished Running FeedbackRRScheduler --------
----------- Running with seed: 100... -----------
------- Finished Running FeedbackRRScheduler --------
----------- Running with seed: 200... -----------
------- Finished Running FeedbackRRScheduler --------
----------- Running with seed: 531... -----------
------- Finished Running FeedbackRRScheduler --------
----------- Running with seed: 120... -----------
------- Finished Running FeedbackRRScheduler --------
----------- Running IdealSJFScheduler -----------
written simulator parameters to experiment1/sim_params/IdealSJFScheduler_sim_params.prp
----------- Running with seed: 50... -----------
------- Finished Running IdealSJFScheduler --------
----------- Running with seed: 100... -----------
------- Finished Running IdealSJFScheduler --------
----------- Running with seed: 200... -----------
------- Finished Running IdealSJFScheduler --------
----------- Running with seed: 531... -----------
------- Finished Running IdealSJFScheduler --------
----------- Running with seed: 120... -----------
------- Finished Running IdealSJFScheduler --------
---------------------------------------------------
Running Experiment 2
written input parameters to experiment2/inputs/input_params_1234.prp
generated input data in experiment2/inputs/input_data_1234.in
written input parameters to experiment2/inputs/input_params_5678.prp
generated input data in experiment2/inputs/input_data_5678.in
written input parameters to experiment2/inputs/input_params_91011.prp
generated input data in experiment2/inputs/input_data_91011.in
written input parameters to experiment2/inputs/input_params_121314.prp
generated input data in experiment2/inputs/input_data_121314.in
written input parameters to experiment2/inputs/input_params_151617.prp
generated input data in experiment2/inputs/input_data_151617.in
----------- Running RRScheduler -----------
written simulator parameters to experiment2/sim_params/RRScheduler_sim_params.prp
----------- Running with seed: 1234... -----------
------- Finished Running RRScheduler --------
----------- Running with seed: 5678... -----------
------- Finished Running RRScheduler --------
----------- Running with seed: 91011... -----------
------- Finished Running RRScheduler --------
----------- Running with seed: 121314... -----------
------- Finished Running RRScheduler --------
----------- Running with seed: 151617... -----------
------- Finished Running RRScheduler --------
----------- Running SJFScheduler -----------
written simulator parameters to experiment2/sim_params/SJFScheduler_sim_params.prp
----------- Running with seed: 1234... -----------
------- Finished Running SJFScheduler --------
----------- Running with seed: 5678... -----------
------- Finished Running SJFScheduler --------
----------- Running with seed: 91011... -----------
------- Finished Running SJFScheduler --------
----------- Running with seed: 121314... -----------
------- Finished Running SJFScheduler --------
----------- Running with seed: 151617... -----------
------- Finished Running SJFScheduler --------
----------- Running FcfsScheduler -----------
written simulator parameters to experiment2/sim_params/FcfsScheduler_sim_params.prp
----------- Running with seed: 1234... -----------
Scheduler selects process 1
Scheduler selects process 2
Scheduler selects process 3
Scheduler selects process 4
Scheduler selects process 5
Scheduler selects process 6
Scheduler selects process 7
Scheduler selects process 8
Scheduler selects process 9
Scheduler selects process 10
Scheduler selects process 1
Scheduler selects process 11
Scheduler selects process 12
Scheduler selects process 13
Scheduler selects process 14
Scheduler selects process 15
Scheduler selects process 16
Scheduler selects process 17
Scheduler selects process 18
Scheduler selects process 19
Scheduler selects process 20
Scheduler selects process 21
Scheduler selects process 22
Scheduler selects process 23
Scheduler selects process 24
Scheduler selects process 25
Scheduler selects process 3
Scheduler selects process 4
Scheduler selects process 5
Scheduler selects process 6
Scheduler selects process 7
Scheduler selects process 8
Scheduler selects process 9
Scheduler selects process 10
Scheduler selects process 1
Scheduler selects process 11
Scheduler selects process 12
Scheduler selects process 14
Scheduler selects process 15
Scheduler selects process 16
Scheduler selects process 17
Scheduler selects process 18
Scheduler selects process 19
Scheduler selects process 20
Scheduler selects process 21
Scheduler selects process 22
Scheduler selects process 23
Scheduler selects process 24
Scheduler selects process 25
Scheduler selects process 3
Scheduler selects process 4
Scheduler selects process 5
Scheduler selects process 6
Scheduler selects process 7
Scheduler selects process 9
Scheduler selects process 10
Scheduler selects process 1
Scheduler selects process 11
Scheduler selects process 12
Scheduler selects process 14
Scheduler selects process 15
Scheduler selects process 16
Scheduler selects process 17
Scheduler selects process 18
Scheduler selects process 19
Scheduler selects process 21
Scheduler selects process 22
Scheduler selects process 23
Scheduler selects process 24
Scheduler selects process 4
Scheduler selects process 5
Scheduler selects process 10
Scheduler selects process 1
Scheduler selects process 12
Scheduler selects process 14
Scheduler selects process 16
Scheduler selects process 18
Scheduler selects process 19
Scheduler selects process 21
Scheduler selects process 22
Scheduler selects process 23
Scheduler selects process 24
Scheduler selects process 4
Scheduler selects process 5
Scheduler selects process 10
Scheduler selects process 1
Scheduler selects process 12
Scheduler selects process 14
Scheduler selects process 16
Scheduler selects process 18
Scheduler selects process 19
Scheduler selects process 22
Scheduler selects process 23
Scheduler selects process 24
Scheduler selects process 5
Scheduler selects process 10
Scheduler selects process 12
Scheduler selects process 14
Scheduler selects process 16
Scheduler selects process 18
Scheduler selects process 19
Scheduler selects process 22
Scheduler selects process 23
Scheduler selects process 24
Scheduler selects process 5
Scheduler selects process 12
Scheduler selects process 14
Scheduler selects process 16
Scheduler selects process 18
Scheduler selects process 19
Scheduler selects process 22
Scheduler selects process 23
Scheduler selects process 24
Scheduler selects process 5
Scheduler selects process 12
Scheduler selects process 16
Scheduler selects process 18
Scheduler selects process 19
Scheduler selects process 23
Scheduler selects process 24
Scheduler selects process 5
Scheduler selects process 12
Scheduler selects process 16
Scheduler selects process 18
Scheduler selects process 19
Scheduler selects process 23
Scheduler selects process 24
Scheduler selects process 5
Scheduler selects process 12
Scheduler selects process 16
Scheduler selects process 19
Scheduler selects process 23
Scheduler selects process 24
Scheduler selects process 5
Scheduler selects process 12
Scheduler selects process 16
Scheduler selects process 19
Scheduler selects process 23
Scheduler selects process 24
Scheduler selects process 5
Scheduler selects process 19
Scheduler selects process 24
Scheduler selects process 5
Scheduler selects process 19
Scheduler selects process 24
Scheduler selects process 5
Scheduler selects process 19
Scheduler selects process 24
Scheduler selects process 19
Scheduler selects process 24
Scheduler selects process null
Scheduler selects process 19
Scheduler selects process 24
Scheduler selects process null
Scheduler selects process 24
Scheduler selects process null
Scheduler selects process 24
Scheduler selects process null
Scheduler selects process 24
Scheduler selects process null
Scheduler selects process 24
Scheduler selects process null
Scheduler selects process 24
Scheduler selects process null
Scheduler selects process 24
Scheduler selects process null
Scheduler selects process 24
Scheduler selects process null
Scheduler selects process 24
Scheduler selects process null
Scheduler selects process 24
Scheduler selects process null
Scheduler selects process 24
Scheduler selects process null
Scheduler selects process 24
Scheduler selects process null
Scheduler selects process 24
Scheduler selects process null
------- Finished Running FcfsScheduler --------
----------- Running with seed: 5678... -----------
Scheduler selects process 1
Scheduler selects process 2
Scheduler selects process 3
Scheduler selects process 1
Scheduler selects process 4
Scheduler selects process 5
Scheduler selects process 6
Scheduler selects process 7
Scheduler selects process 8
Scheduler selects process 9
Scheduler selects process 10
Scheduler selects process 11
Scheduler selects process 12
Scheduler selects process 13
Scheduler selects process 14
Scheduler selects process 15
Scheduler selects process 16
Scheduler selects process 17
Scheduler selects process 18
Scheduler selects process 19
Scheduler selects process 20
Scheduler selects process 21
Scheduler selects process 22
Scheduler selects process 23
Scheduler selects process 24
Scheduler selects process 25
Scheduler selects process 2
Scheduler selects process 3
Scheduler selects process 1
Scheduler selects process 5
Scheduler selects process 6
Scheduler selects process 7
Scheduler selects process 8
Scheduler selects process 9
Scheduler selects process 10
Scheduler selects process 11
Scheduler selects process 12
Scheduler selects process 13
Scheduler selects process 14
Scheduler selects process 16
Scheduler selects process 17
Scheduler selects process 18
Scheduler selects process 19
Scheduler selects process 20
Scheduler selects process 21
Scheduler selects process 22
Scheduler selects process 23
Scheduler selects process 24
Scheduler selects process 25
Scheduler selects process 2
Scheduler selects process 3
Scheduler selects process 1
Scheduler selects process 5
Scheduler selects process 6
Scheduler selects process 7
Scheduler selects process 9
Scheduler selects process 11
Scheduler selects process 12
Scheduler selects process 13
Scheduler selects process 14
Scheduler selects process 17
Scheduler selects process 18
Scheduler selects process 19
Scheduler selects process 20
Scheduler selects process 21
Scheduler selects process 22
Scheduler selects process 23
Scheduler selects process 24
Scheduler selects process 25
Scheduler selects process 2
Scheduler selects process 1
Scheduler selects process 6
Scheduler selects process 7
Scheduler selects process 9
Scheduler selects process 11
Scheduler selects process 12
Scheduler selects process 13
Scheduler selects process 14
Scheduler selects process 17
Scheduler selects process 18
Scheduler selects process 19
Scheduler selects process 20
Scheduler selects process 21
Scheduler selects process 22
Scheduler selects process 23
Scheduler selects process 24
Scheduler selects process 25
Scheduler selects process 2
Scheduler selects process 1
Scheduler selects process 6
Scheduler selects process 7
Scheduler selects process 11
Scheduler selects process 12
Scheduler selects process 14
Scheduler selects process 18
Scheduler selects process 19
Scheduler selects process 21
Scheduler selects process 22
Scheduler selects process 23
Scheduler selects process 24
Scheduler selects process 2
Scheduler selects process 1
Scheduler selects process 7
Scheduler selects process 11
Scheduler selects process 18
Scheduler selects process 19
Scheduler selects process 21
Scheduler selects process 22
Scheduler selects process 23
Scheduler selects process 24
Scheduler selects process 2
Scheduler selects process 1
Scheduler selects process 7
Scheduler selects process 18
Scheduler selects process 19
Scheduler selects process 21
Scheduler selects process 22
Scheduler selects process 23
Scheduler selects process 24
Scheduler selects process 2
Scheduler selects process 1
Scheduler selects process 7
Scheduler selects process 18
Scheduler selects process 19
Scheduler selects process 21
Scheduler selects process 22
Scheduler selects process 24
Scheduler selects process 2
Scheduler selects process 1
Scheduler selects process 7
Scheduler selects process 18
Scheduler selects process 19
Scheduler selects process 21
Scheduler selects process 22
Scheduler selects process 24
Scheduler selects process 2
Scheduler selects process 1
Scheduler selects process 7
Scheduler selects process 18
Scheduler selects process 19
Scheduler selects process 21
Scheduler selects process 22
Scheduler selects process 24
Scheduler selects process 1
Scheduler selects process 7
Scheduler selects process 18
Scheduler selects process 19
Scheduler selects process 21
Scheduler selects process 1
Scheduler selects process 7
Scheduler selects process 18
Scheduler selects process 19
Scheduler selects process 21
Scheduler selects process 1
Scheduler selects process 19
Scheduler selects process 21
Scheduler selects process 1
Scheduler selects process null
Scheduler selects process 21
Scheduler selects process 1
Scheduler selects process 21
Scheduler selects process 1
Scheduler selects process null
Scheduler selects process 21
Scheduler selects process null
Scheduler selects process 21
Scheduler selects process null
Scheduler selects process 21
Scheduler selects process null
Scheduler selects process 21
Scheduler selects process null
Scheduler selects process 21
Scheduler selects process null
Scheduler selects process 21
Scheduler selects process null
Scheduler selects process 21
Scheduler selects process null
Scheduler selects process 21
Scheduler selects process null
Scheduler selects process 21
Scheduler selects process null
------- Finished Running FcfsScheduler --------
----------- Running with seed: 91011... -----------
Scheduler selects process 1
Scheduler selects process 2
Scheduler selects process 3
Scheduler selects process 4
Scheduler selects process 5
Scheduler selects process 6
Scheduler selects process 7
Scheduler selects process 8
Scheduler selects process 9
Scheduler selects process 10
Scheduler selects process 11
Scheduler selects process 1
Scheduler selects process 12
Scheduler selects process 13
Scheduler selects process 2
Scheduler selects process 14
Scheduler selects process 15
Scheduler selects process 16
Scheduler selects process 3
Scheduler selects process 17
Scheduler selects process 18
Scheduler selects process 19
Scheduler selects process 20
Scheduler selects process 21
Scheduler selects process 22
Scheduler selects process 23
Scheduler selects process 24
Scheduler selects process 25
Scheduler selects process 5
Scheduler selects process 6
Scheduler selects process 7
Scheduler selects process 8
Scheduler selects process 9
Scheduler selects process 10
Scheduler selects process 11
Scheduler selects process 1
Scheduler selects process 12
Scheduler selects process 13
Scheduler selects process 2
Scheduler selects process 14
Scheduler selects process 15
Scheduler selects process 3
Scheduler selects process 17
Scheduler selects process 18
Scheduler selects process 19
Scheduler selects process 20
Scheduler selects process 21
Scheduler selects process 22
Scheduler selects process 24
Scheduler selects process 25
Scheduler selects process 5
Scheduler selects process 6
Scheduler selects process 7
Scheduler selects process 8
Scheduler selects process 9
Scheduler selects process 10
Scheduler selects process 11
Scheduler selects process 12
Scheduler selects process 13
Scheduler selects process 2
Scheduler selects process 14
Scheduler selects process 15
Scheduler selects process 3
Scheduler selects process 17
Scheduler selects process 18
Scheduler selects process 19
Scheduler selects process 20
Scheduler selects process 24
Scheduler selects process 25
Scheduler selects process 5
Scheduler selects process 6
Scheduler selects process 7
Scheduler selects process 8
Scheduler selects process 9
Scheduler selects process 10
Scheduler selects process 11
Scheduler selects process 12
Scheduler selects process 13
Scheduler selects process 2
Scheduler selects process 14
Scheduler selects process 15
Scheduler selects process 3
Scheduler selects process 17
Scheduler selects process 18
Scheduler selects process 19
Scheduler selects process 20
Scheduler selects process 24
Scheduler selects process 5
Scheduler selects process 6
Scheduler selects process 7
Scheduler selects process 9
Scheduler selects process 10
Scheduler selects process 11
Scheduler selects process 12
Scheduler selects process 2
Scheduler selects process 14
Scheduler selects process 19
Scheduler selects process 24
Scheduler selects process 5
Scheduler selects process 6
Scheduler selects process 9
Scheduler selects process 10
Scheduler selects process 11
Scheduler selects process 2
Scheduler selects process 14
Scheduler selects process 24
Scheduler selects process 5
Scheduler selects process 9
Scheduler selects process 10
Scheduler selects process 11
Scheduler selects process 2
Scheduler selects process 14
Scheduler selects process 24
Scheduler selects process 5
Scheduler selects process 9
Scheduler selects process 10
Scheduler selects process 11
Scheduler selects process 2
Scheduler selects process 14
Scheduler selects process 24
Scheduler selects process 5
Scheduler selects process 9
Scheduler selects process 11
Scheduler selects process 2
Scheduler selects process 11
Scheduler selects process null
Scheduler selects process 2
Scheduler selects process 11
Scheduler selects process null
Scheduler selects process 11
Scheduler selects process null
Scheduler selects process 11
Scheduler selects process null
Scheduler selects process 11
Scheduler selects process null
------- Finished Running FcfsScheduler --------
----------- Running with seed: 121314... -----------
Scheduler selects process 1
Scheduler selects process 2
Scheduler selects process 3
Scheduler selects process 4
Scheduler selects process 5
Scheduler selects process 6
Scheduler selects process 1
Scheduler selects process 7
Scheduler selects process 8
Scheduler selects process 9
Scheduler selects process 10
Scheduler selects process 11
Scheduler selects process 12
Scheduler selects process 13
Scheduler selects process 14
Scheduler selects process 15
Scheduler selects process 16
Scheduler selects process 17
Scheduler selects process 18
Scheduler selects process 19
Scheduler selects process 20
Scheduler selects process 21
Scheduler selects process 22
Scheduler selects process 23
Scheduler selects process 24
Scheduler selects process 25
Scheduler selects process 2
Scheduler selects process 3
Scheduler selects process 4
Scheduler selects process 5
Scheduler selects process 6
Scheduler selects process 1
Scheduler selects process 7
Scheduler selects process 8
Scheduler selects process 9
Scheduler selects process 10
Scheduler selects process 11
Scheduler selects process 12
Scheduler selects process 13
Scheduler selects process 14
Scheduler selects process 15
Scheduler selects process 16
Scheduler selects process 17
Scheduler selects process 18
Scheduler selects process 19
Scheduler selects process 21
Scheduler selects process 22
Scheduler selects process 23
Scheduler selects process 24
Scheduler selects process 25
Scheduler selects process 2
Scheduler selects process 6
Scheduler selects process 1
Scheduler selects process 8
Scheduler selects process 9
Scheduler selects process 10
Scheduler selects process 11
Scheduler selects process 12
Scheduler selects process 13
Scheduler selects process 15
Scheduler selects process 16
Scheduler selects process 17
Scheduler selects process 21
Scheduler selects process 22
Scheduler selects process 23
Scheduler selects process 24
Scheduler selects process 25
Scheduler selects process 2
Scheduler selects process 6
Scheduler selects process 1
Scheduler selects process 8
Scheduler selects process 9
Scheduler selects process 10
Scheduler selects process 11
Scheduler selects process 16
Scheduler selects process 17
Scheduler selects process 21
Scheduler selects process 22
Scheduler selects process 24
Scheduler selects process 25
Scheduler selects process 2
Scheduler selects process 6
Scheduler selects process 1
Scheduler selects process 8
Scheduler selects process 10
Scheduler selects process 16
Scheduler selects process 17
Scheduler selects process 21
Scheduler selects process 22
Scheduler selects process 24
Scheduler selects process 25
Scheduler selects process 2
Scheduler selects process 6
Scheduler selects process 1
Scheduler selects process 8
Scheduler selects process 10
Scheduler selects process 21
Scheduler selects process 22
Scheduler selects process 24
Scheduler selects process 25
Scheduler selects process 2
Scheduler selects process 6
Scheduler selects process 1
Scheduler selects process 8
Scheduler selects process 10
Scheduler selects process 22
Scheduler selects process 24
Scheduler selects process 25
Scheduler selects process 2
Scheduler selects process 8
Scheduler selects process 10
Scheduler selects process 22
Scheduler selects process 24
Scheduler selects process 25
Scheduler selects process 2
Scheduler selects process 8
Scheduler selects process 10
Scheduler selects process 22
Scheduler selects process 24
Scheduler selects process 25
Scheduler selects process 2
Scheduler selects process 8
Scheduler selects process 10
Scheduler selects process 22
Scheduler selects process 2
Scheduler selects process 8
Scheduler selects process 10
Scheduler selects process 22
Scheduler selects process 2
Scheduler selects process 10
Scheduler selects process 22
Scheduler selects process 2
Scheduler selects process 10
Scheduler selects process 22
Scheduler selects process 2
Scheduler selects process 10
Scheduler selects process 22
Scheduler selects process 2
Scheduler selects process 10
Scheduler selects process 22
Scheduler selects process null
Scheduler selects process 10
Scheduler selects process 22
Scheduler selects process null
Scheduler selects process 10
Scheduler selects process 22
Scheduler selects process 10
Scheduler selects process 22
Scheduler selects process 10
Scheduler selects process null
Scheduler selects process 22
Scheduler selects process 10
Scheduler selects process 22
Scheduler selects process 10
Scheduler selects process 22
Scheduler selects process null
Scheduler selects process 22
Scheduler selects process null
Scheduler selects process 22
Scheduler selects process null
Scheduler selects process 22
Scheduler selects process null
Scheduler selects process 22
Scheduler selects process null
Scheduler selects process 22
Scheduler selects process null
------- Finished Running FcfsScheduler --------
----------- Running with seed: 151617... -----------
Scheduler selects process 1
Scheduler selects process 2
Scheduler selects process 1
Scheduler selects process 3
Scheduler selects process 4
Scheduler selects process 2
Scheduler selects process 5
Scheduler selects process 6
Scheduler selects process 7
Scheduler selects process 8
Scheduler selects process 9
Scheduler selects process 10
Scheduler selects process 1
Scheduler selects process 11
Scheduler selects process 12
Scheduler selects process 13
Scheduler selects process 3
Scheduler selects process 4
Scheduler selects process 14
Scheduler selects process 15
Scheduler selects process 16
Scheduler selects process 2
Scheduler selects process 17
Scheduler selects process 18
Scheduler selects process 5
Scheduler selects process 19
Scheduler selects process 20
Scheduler selects process 21
Scheduler selects process 22
Scheduler selects process 23
Scheduler selects process 24
Scheduler selects process 25
Scheduler selects process 6
Scheduler selects process 7
Scheduler selects process 8
Scheduler selects process 9
Scheduler selects process 10
Scheduler selects process 11
Scheduler selects process 13
Scheduler selects process 3
Scheduler selects process 4
Scheduler selects process 14
Scheduler selects process 15
Scheduler selects process 16
Scheduler selects process 2
Scheduler selects process 17
Scheduler selects process 5
Scheduler selects process 19
Scheduler selects process 20
Scheduler selects process 21
Scheduler selects process 22
Scheduler selects process 23
Scheduler selects process 24
Scheduler selects process 6
Scheduler selects process 7
Scheduler selects process 8
Scheduler selects process 10
Scheduler selects process 11
Scheduler selects process 3
Scheduler selects process 4
Scheduler selects process 14
Scheduler selects process 15
Scheduler selects process 16
Scheduler selects process 2
Scheduler selects process 17
Scheduler selects process 19
Scheduler selects process 21
Scheduler selects process 22
Scheduler selects process 23
Scheduler selects process 24
Scheduler selects process 7
Scheduler selects process 8
Scheduler selects process 10
Scheduler selects process 11
Scheduler selects process 3
Scheduler selects process 4
Scheduler selects process 14
Scheduler selects process 15
Scheduler selects process 16
Scheduler selects process 17
Scheduler selects process 19
Scheduler selects process 21
Scheduler selects process 22
Scheduler selects process 23
Scheduler selects process 24
Scheduler selects process 8
Scheduler selects process 10
Scheduler selects process 11
Scheduler selects process 14
Scheduler selects process 15
Scheduler selects process 16
Scheduler selects process 17
Scheduler selects process 19
Scheduler selects process 21
Scheduler selects process 22
Scheduler selects process 23
Scheduler selects process 24
Scheduler selects process 8
Scheduler selects process 11
Scheduler selects process 14
Scheduler selects process 15
Scheduler selects process 16
Scheduler selects process 17
Scheduler selects process 21
Scheduler selects process 22
Scheduler selects process 23
Scheduler selects process 24
Scheduler selects process 8
Scheduler selects process 11
Scheduler selects process 14
Scheduler selects process 15
Scheduler selects process 16
Scheduler selects process 17
Scheduler selects process 21
Scheduler selects process 24
Scheduler selects process 11
Scheduler selects process 15
Scheduler selects process 16
Scheduler selects process 21
Scheduler selects process 24
Scheduler selects process 11
Scheduler selects process 16
Scheduler selects process 21
Scheduler selects process 24
Scheduler selects process 11
Scheduler selects process 16
Scheduler selects process 24
Scheduler selects process 11
Scheduler selects process 16
Scheduler selects process null
Scheduler selects process 11
Scheduler selects process 16
Scheduler selects process 11
Scheduler selects process null
------- Finished Running FcfsScheduler --------
----------- Running FeedbackRRScheduler -----------
written simulator parameters to experiment2/sim_params/FeedbackRRScheduler_sim_params.prp
----------- Running with seed: 1234... -----------
------- Finished Running FeedbackRRScheduler --------
----------- Running with seed: 5678... -----------
------- Finished Running FeedbackRRScheduler --------
----------- Running with seed: 91011... -----------
------- Finished Running FeedbackRRScheduler --------
----------- Running with seed: 121314... -----------
------- Finished Running FeedbackRRScheduler --------
----------- Running with seed: 151617... -----------
------- Finished Running FeedbackRRScheduler --------
----------- Running IdealSJFScheduler -----------
written simulator parameters to experiment2/sim_params/IdealSJFScheduler_sim_params.prp
----------- Running with seed: 1234... -----------
------- Finished Running IdealSJFScheduler --------
----------- Running with seed: 5678... -----------
------- Finished Running IdealSJFScheduler --------
----------- Running with seed: 91011... -----------
------- Finished Running IdealSJFScheduler --------
----------- Running with seed: 121314... -----------
------- Finished Running IdealSJFScheduler --------
----------- Running with seed: 151617... -----------
------- Finished Running IdealSJFScheduler --------
---------------------------------------------------
Running Experiment 3
written input parameters to experiment3/inputs/input_params_5124.prp
generated input data in experiment3/inputs/input_data_5124.in
written input parameters to experiment3/inputs/input_params_6789.prp
generated input data in experiment3/inputs/input_data_6789.in
written input parameters to experiment3/inputs/input_params_1234.prp
generated input data in experiment3/inputs/input_data_1234.in
written input parameters to experiment3/inputs/input_params_5678.prp
generated input data in experiment3/inputs/input_data_5678.in
written input parameters to experiment3/inputs/input_params_91011.prp
generated input data in experiment3/inputs/input_data_91011.in
----------- Running RRScheduler -----------
written simulator parameters to experiment3/sim_params/RRScheduler_sim_params.prp
----------- Running with seed: 5124... -----------
------- Finished Running RRScheduler --------
----------- Running with seed: 6789... -----------
------- Finished Running RRScheduler --------
----------- Running with seed: 1234... -----------
------- Finished Running RRScheduler --------
----------- Running with seed: 5678... -----------
------- Finished Running RRScheduler --------
----------- Running with seed: 91011... -----------
------- Finished Running RRScheduler --------
----------- Running SJFScheduler -----------
written simulator parameters to experiment3/sim_params/SJFScheduler_sim_params.prp
----------- Running with seed: 5124... -----------
------- Finished Running SJFScheduler --------
----------- Running with seed: 6789... -----------
------- Finished Running SJFScheduler --------
----------- Running with seed: 1234... -----------
------- Finished Running SJFScheduler --------
----------- Running with seed: 5678... -----------
------- Finished Running SJFScheduler --------
----------- Running with seed: 91011... -----------
------- Finished Running SJFScheduler --------
----------- Running FcfsScheduler -----------
written simulator parameters to experiment3/sim_params/FcfsScheduler_sim_params.prp
----------- Running with seed: 5124... -----------
Scheduler selects process 1
Scheduler selects process null
Scheduler selects process 2
Scheduler selects process 3
Scheduler selects process 4
Scheduler selects process 5
Scheduler selects process 2
Scheduler selects process 6
Scheduler selects process 7
Scheduler selects process 8
Scheduler selects process 3
Scheduler selects process 9
Scheduler selects process 10
Scheduler selects process 11
Scheduler selects process 12
Scheduler selects process 4
Scheduler selects process 13
Scheduler selects process 14
Scheduler selects process 5
Scheduler selects process 15
Scheduler selects process 16
Scheduler selects process 17
Scheduler selects process 18
Scheduler selects process 19
Scheduler selects process 20
Scheduler selects process 21
Scheduler selects process 2
Scheduler selects process 6
Scheduler selects process 7
Scheduler selects process 22
Scheduler selects process 8
Scheduler selects process 23
Scheduler selects process 3
Scheduler selects process 24
Scheduler selects process 25
Scheduler selects process 26
Scheduler selects process 9
Scheduler selects process 27
Scheduler selects process 28
Scheduler selects process 11
Scheduler selects process 29
Scheduler selects process 30
Scheduler selects process 12
Scheduler selects process 13
Scheduler selects process 15
Scheduler selects process 16
Scheduler selects process 18
Scheduler selects process 19
Scheduler selects process 20
Scheduler selects process 21
Scheduler selects process 2
Scheduler selects process 6
Scheduler selects process 7
Scheduler selects process 22
Scheduler selects process 8
Scheduler selects process 23
Scheduler selects process 24
Scheduler selects process 25
Scheduler selects process 26
Scheduler selects process 9
Scheduler selects process 28
Scheduler selects process 11
Scheduler selects process 29
Scheduler selects process 12
Scheduler selects process 15
Scheduler selects process 18
Scheduler selects process 20
Scheduler selects process 21
Scheduler selects process 2
Scheduler selects process 7
Scheduler selects process 26
Scheduler selects process 9
Scheduler selects process 28
Scheduler selects process 29
Scheduler selects process 12
Scheduler selects process 15
Scheduler selects process 18
Scheduler selects process 2
Scheduler selects process 9
Scheduler selects process 28
Scheduler selects process 29
Scheduler selects process 12
Scheduler selects process 18
Scheduler selects process 2
Scheduler selects process 28
Scheduler selects process 29
Scheduler selects process 12
Scheduler selects process 18
Scheduler selects process 2
Scheduler selects process 29
Scheduler selects process 18
Scheduler selects process 29
Scheduler selects process null
------- Finished Running FcfsScheduler --------
----------- Running with seed: 6789... -----------
Scheduler selects process 1
Scheduler selects process null
Scheduler selects process 1
Scheduler selects process 2
Scheduler selects process 3
Scheduler selects process 4
Scheduler selects process 5
Scheduler selects process 6
Scheduler selects process 7
Scheduler selects process 8
Scheduler selects process 9
Scheduler selects process 3
Scheduler selects process 10
Scheduler selects process 11
Scheduler selects process 12
Scheduler selects process 13
Scheduler selects process 14
Scheduler selects process 15
Scheduler selects process 16
Scheduler selects process 4
Scheduler selects process 17
Scheduler selects process 5
Scheduler selects process 18
Scheduler selects process 19
Scheduler selects process 20
Scheduler selects process 21
Scheduler selects process 22
Scheduler selects process 23
Scheduler selects process 24
Scheduler selects process 25
Scheduler selects process 26
Scheduler selects process 7
Scheduler selects process 27
Scheduler selects process 28
Scheduler selects process 29
Scheduler selects process 30
Scheduler selects process 9
Scheduler selects process 3
Scheduler selects process 10
Scheduler selects process 11
Scheduler selects process 12
Scheduler selects process 13
Scheduler selects process 14
Scheduler selects process 15
Scheduler selects process 16
Scheduler selects process 4
Scheduler selects process 18
Scheduler selects process 20
Scheduler selects process 21
Scheduler selects process 23
Scheduler selects process 24
Scheduler selects process 25
Scheduler selects process 26
Scheduler selects process 7
Scheduler selects process 28
Scheduler selects process 30
Scheduler selects process 9
Scheduler selects process 3
Scheduler selects process 10
Scheduler selects process 11
Scheduler selects process 14
Scheduler selects process 4
Scheduler selects process 20
Scheduler selects process 21
Scheduler selects process 23
Scheduler selects process 25
Scheduler selects process 26
Scheduler selects process 30
Scheduler selects process 10
Scheduler selects process 11
Scheduler selects process 14
Scheduler selects process 23
Scheduler selects process 25
Scheduler selects process 30
Scheduler selects process 11
Scheduler selects process 14
Scheduler selects process 25
Scheduler selects process 30
Scheduler selects process 11
Scheduler selects process 25
Scheduler selects process 30
Scheduler selects process null
------- Finished Running FcfsScheduler --------
----------- Running with seed: 1234... -----------
Scheduler selects process 1
Scheduler selects process 2
Scheduler selects process 3
Scheduler selects process 4
Scheduler selects process 5
Scheduler selects process 6
Scheduler selects process 1
Scheduler selects process 7
Scheduler selects process 8
Scheduler selects process 9
Scheduler selects process 10
Scheduler selects process 11
Scheduler selects process 12
Scheduler selects process 13
Scheduler selects process 14
Scheduler selects process 15
Scheduler selects process 16
Scheduler selects process 2
Scheduler selects process 4
Scheduler selects process 17
Scheduler selects process 18
Scheduler selects process 19
Scheduler selects process 20
Scheduler selects process 5
Scheduler selects process 21
Scheduler selects process 22
Scheduler selects process 23
Scheduler selects process 24
Scheduler selects process 25
Scheduler selects process 1
Scheduler selects process 26
Scheduler selects process 27
Scheduler selects process 28
Scheduler selects process 29
Scheduler selects process 7
Scheduler selects process 30
Scheduler selects process 8
Scheduler selects process 10
Scheduler selects process 11
Scheduler selects process 12
Scheduler selects process 13
Scheduler selects process 14
Scheduler selects process 16
Scheduler selects process 4
Scheduler selects process 17
Scheduler selects process 18
Scheduler selects process 19
Scheduler selects process 20
Scheduler selects process 5
Scheduler selects process 21
Scheduler selects process 22
Scheduler selects process 23
Scheduler selects process 24
Scheduler selects process 25
Scheduler selects process 26
Scheduler selects process 27
Scheduler selects process 28
Scheduler selects process 30
Scheduler selects process 10
Scheduler selects process 11
Scheduler selects process 12
Scheduler selects process 14
Scheduler selects process 4
Scheduler selects process 17
Scheduler selects process 19
Scheduler selects process 20
Scheduler selects process 5
Scheduler selects process 22
Scheduler selects process 23
Scheduler selects process 24
Scheduler selects process 26
Scheduler selects process 30
Scheduler selects process 14
Scheduler selects process 20
Scheduler selects process 5
Scheduler selects process 23
Scheduler selects process 24
Scheduler selects process 30
Scheduler selects process 14
Scheduler selects process 20
Scheduler selects process 5
Scheduler selects process 23
Scheduler selects process 30
Scheduler selects process null
Scheduler selects process 30
Scheduler selects process null
Scheduler selects process 30
Scheduler selects process null
Scheduler selects process 30
Scheduler selects process null
Scheduler selects process 30
Scheduler selects process null
Scheduler selects process 30
Scheduler selects process null
Scheduler selects process 30
Scheduler selects process null
------- Finished Running FcfsScheduler --------
----------- Running with seed: 5678... -----------
Scheduler selects process 1
Scheduler selects process 2
Scheduler selects process 1
Scheduler selects process 3
Scheduler selects process 4
Scheduler selects process 2
Scheduler selects process 1
Scheduler selects process 3
Scheduler selects process 5
Scheduler selects process 6
Scheduler selects process 7
Scheduler selects process 4
Scheduler selects process 8
Scheduler selects process 9
Scheduler selects process 10
Scheduler selects process 11
Scheduler selects process 12
Scheduler selects process 1
Scheduler selects process 13
Scheduler selects process 14
Scheduler selects process 15
Scheduler selects process 16
Scheduler selects process 3
Scheduler selects process 17
Scheduler selects process 18
Scheduler selects process 19
Scheduler selects process 20
Scheduler selects process 21
Scheduler selects process 5
Scheduler selects process 6
Scheduler selects process 7
Scheduler selects process 4
Scheduler selects process 9
Scheduler selects process 10
Scheduler selects process 22
Scheduler selects process 23
Scheduler selects process 24
Scheduler selects process 25
Scheduler selects process 26
Scheduler selects process 27
Scheduler selects process 28
Scheduler selects process 29
Scheduler selects process 30
Scheduler selects process 11
Scheduler selects process 1
Scheduler selects process 13
Scheduler selects process 14
Scheduler selects process 15
Scheduler selects process 16
Scheduler selects process 17
Scheduler selects process 19
Scheduler selects process 20
Scheduler selects process 5
Scheduler selects process 7
Scheduler selects process 4
Scheduler selects process 24
Scheduler selects process 25
Scheduler selects process 26
Scheduler selects process 28
Scheduler selects process 29
Scheduler selects process 30
Scheduler selects process 11
Scheduler selects process 1
Scheduler selects process 13
Scheduler selects process 15
Scheduler selects process 16
Scheduler selects process 17
Scheduler selects process 19
Scheduler selects process 20
Scheduler selects process 7
Scheduler selects process 24
Scheduler selects process 28
Scheduler selects process 29
Scheduler selects process 11
Scheduler selects process 1
Scheduler selects process 13
Scheduler selects process 15
Scheduler selects process 17
Scheduler selects process 19
Scheduler selects process 7
Scheduler selects process 24
Scheduler selects process 11
Scheduler selects process 13
Scheduler selects process 15
Scheduler selects process 17
Scheduler selects process 19
Scheduler selects process 7
Scheduler selects process 13
Scheduler selects process 19
Scheduler selects process 7
Scheduler selects process 19
Scheduler selects process null
Scheduler selects process 19
Scheduler selects process null
------- Finished Running FcfsScheduler --------
----------- Running with seed: 91011... -----------
Scheduler selects process 1
Scheduler selects process null
Scheduler selects process 1
Scheduler selects process 2
Scheduler selects process 3
Scheduler selects process 4
Scheduler selects process 2
Scheduler selects process 5
Scheduler selects process 6
Scheduler selects process 3
Scheduler selects process 4
Scheduler selects process 2
Scheduler selects process 6
Scheduler selects process 7
Scheduler selects process 8
Scheduler selects process 3
Scheduler selects process 9
Scheduler selects process 10
Scheduler selects process 11
Scheduler selects process 12
Scheduler selects process 13
Scheduler selects process 2
Scheduler selects process 14
Scheduler selects process 15
Scheduler selects process 16
Scheduler selects process 17
Scheduler selects process 18
Scheduler selects process 19
Scheduler selects process 6
Scheduler selects process 20
Scheduler selects process 8
Scheduler selects process 21
Scheduler selects process 22
Scheduler selects process 10
Scheduler selects process 23
Scheduler selects process 11
Scheduler selects process 12
Scheduler selects process 24
Scheduler selects process 25
Scheduler selects process 26
Scheduler selects process 27
Scheduler selects process 28
Scheduler selects process 29
Scheduler selects process 30
Scheduler selects process 14
Scheduler selects process 15
Scheduler selects process 16
Scheduler selects process 17
Scheduler selects process 18
Scheduler selects process 19
Scheduler selects process 8
Scheduler selects process 21
Scheduler selects process 22
Scheduler selects process 12
Scheduler selects process 24
Scheduler selects process 25
Scheduler selects process 26
Scheduler selects process 27
Scheduler selects process 28
Scheduler selects process 29
Scheduler selects process 30
Scheduler selects process 14
Scheduler selects process 15
Scheduler selects process 16
Scheduler selects process 18
Scheduler selects process 8
Scheduler selects process 21
Scheduler selects process 22
Scheduler selects process 24
Scheduler selects process 26
Scheduler selects process 27
Scheduler selects process 28
Scheduler selects process 29
Scheduler selects process 30
Scheduler selects process 14
Scheduler selects process 15
Scheduler selects process 16
Scheduler selects process 18
Scheduler selects process 8
Scheduler selects process 22
Scheduler selects process 26
Scheduler selects process 28
Scheduler selects process 29
Scheduler selects process 14
Scheduler selects process 18
Scheduler selects process 22
Scheduler selects process 28
Scheduler selects process 29
Scheduler selects process 14
Scheduler selects process 18
Scheduler selects process 29
Scheduler selects process 14
Scheduler selects process 29
Scheduler selects process 14
Scheduler selects process null
Scheduler selects process 29
Scheduler selects process null
------- Finished Running FcfsScheduler --------
----------- Running FeedbackRRScheduler -----------
written simulator parameters to experiment3/sim_params/FeedbackRRScheduler_sim_params.prp
----------- Running with seed: 5124... -----------
------- Finished Running FeedbackRRScheduler --------
----------- Running with seed: 6789... -----------
------- Finished Running FeedbackRRScheduler --------
----------- Running with seed: 1234... -----------
------- Finished Running FeedbackRRScheduler --------
----------- Running with seed: 5678... -----------
------- Finished Running FeedbackRRScheduler --------
----------- Running with seed: 91011... -----------
------- Finished Running FeedbackRRScheduler --------
----------- Running IdealSJFScheduler -----------
written simulator parameters to experiment3/sim_params/IdealSJFScheduler_sim_params.prp
----------- Running with seed: 5124... -----------
------- Finished Running IdealSJFScheduler --------
----------- Running with seed: 6789... -----------
------- Finished Running IdealSJFScheduler --------
----------- Running with seed: 1234... -----------
------- Finished Running IdealSJFScheduler --------
----------- Running with seed: 5678... -----------
------- Finished Running IdealSJFScheduler --------
----------- Running with seed: 91011... -----------
------- Finished Running IdealSJFScheduler --------
---------------------------------------------------
Running Experiment 4
written input parameters to experiment4/inputs/input_params_5124.prp
generated input data in experiment4/inputs/input_data_5124.in
written input parameters to experiment4/inputs/input_params_6789.prp
generated input data in experiment4/inputs/input_data_6789.in
written input parameters to experiment4/inputs/input_params_1234.prp
generated input data in experiment4/inputs/input_data_1234.in
written input parameters to experiment4/inputs/input_params_5678.prp
generated input data in experiment4/inputs/input_data_5678.in
written input parameters to experiment4/inputs/input_params_91011.prp
generated input data in experiment4/inputs/input_data_91011.in
----------- Running RRScheduler -----------
written simulator parameters to experiment4/sim_params/RRScheduler_sim_params.prp
----------- Running with seed: 5124... -----------
------- Finished Running RRScheduler --------
----------- Running with seed: 6789... -----------
------- Finished Running RRScheduler --------
----------- Running with seed: 1234... -----------
------- Finished Running RRScheduler --------
----------- Running with seed: 5678... -----------
------- Finished Running RRScheduler --------
----------- Running with seed: 91011... -----------
------- Finished Running RRScheduler --------
----------- Running SJFScheduler -----------
written simulator parameters to experiment4/sim_params/SJFScheduler_sim_params.prp
----------- Running with seed: 5124... -----------
------- Finished Running SJFScheduler --------
----------- Running with seed: 6789... -----------
------- Finished Running SJFScheduler --------
----------- Running with seed: 1234... -----------
------- Finished Running SJFScheduler --------
----------- Running with seed: 5678... -----------
------- Finished Running SJFScheduler --------
----------- Running with seed: 91011... -----------
------- Finished Running SJFScheduler --------
----------- Running FcfsScheduler -----------
written simulator parameters to experiment4/sim_params/FcfsScheduler_sim_params.prp
----------- Running with seed: 5124... -----------
Scheduler selects process 1
Scheduler selects process null
Scheduler selects process 2
Scheduler selects process 3
Scheduler selects process 4
Scheduler selects process 5
Scheduler selects process 2
Scheduler selects process 6
Scheduler selects process 7
Scheduler selects process 8
Scheduler selects process 3
Scheduler selects process 9
Scheduler selects process 10
Scheduler selects process 11
Scheduler selects process 12
Scheduler selects process 4
Scheduler selects process 13
Scheduler selects process 14
Scheduler selects process 5
Scheduler selects process 15
Scheduler selects process 16
Scheduler selects process 17
Scheduler selects process 18
Scheduler selects process 19
Scheduler selects process 20
Scheduler selects process 21
Scheduler selects process 2
Scheduler selects process 6
Scheduler selects process 7
Scheduler selects process 22
Scheduler selects process 8
Scheduler selects process 23
Scheduler selects process 3
Scheduler selects process 24
Scheduler selects process 25
Scheduler selects process 26
Scheduler selects process 9
Scheduler selects process 27
Scheduler selects process 28
Scheduler selects process 11
Scheduler selects process 29
Scheduler selects process 30
Scheduler selects process 12
Scheduler selects process 13
Scheduler selects process 15
Scheduler selects process 16
Scheduler selects process 18
Scheduler selects process 19
Scheduler selects process 20
Scheduler selects process 21
Scheduler selects process 2
Scheduler selects process 6
Scheduler selects process 7
Scheduler selects process 22
Scheduler selects process 8
Scheduler selects process 23
Scheduler selects process 24
Scheduler selects process 25
Scheduler selects process 26
Scheduler selects process 9
Scheduler selects process 28
Scheduler selects process 11
Scheduler selects process 29
Scheduler selects process 12
Scheduler selects process 15
Scheduler selects process 18
Scheduler selects process 20
Scheduler selects process 21
Scheduler selects process 2
Scheduler selects process 7
Scheduler selects process 26
Scheduler selects process 9
Scheduler selects process 28
Scheduler selects process 29
Scheduler selects process 12
Scheduler selects process 15
Scheduler selects process 18
Scheduler selects process 2
Scheduler selects process 9
Scheduler selects process 28
Scheduler selects process 29
Scheduler selects process 12
Scheduler selects process 18
Scheduler selects process 2
Scheduler selects process 28
Scheduler selects process 29
Scheduler selects process 12
Scheduler selects process 18
Scheduler selects process 2
Scheduler selects process 29
Scheduler selects process 18
Scheduler selects process 29
Scheduler selects process null
------- Finished Running FcfsScheduler --------
----------- Running with seed: 6789... -----------
Scheduler selects process 1
Scheduler selects process null
Scheduler selects process 1
Scheduler selects process 2
Scheduler selects process 3
Scheduler selects process 4
Scheduler selects process 5
Scheduler selects process 6
Scheduler selects process 7
Scheduler selects process 8
Scheduler selects process 9
Scheduler selects process 3
Scheduler selects process 10
Scheduler selects process 11
Scheduler selects process 12
Scheduler selects process 13
Scheduler selects process 14
Scheduler selects process 15
Scheduler selects process 16
Scheduler selects process 4
Scheduler selects process 17
Scheduler selects process 5
Scheduler selects process 18
Scheduler selects process 19
Scheduler selects process 20
Scheduler selects process 21
Scheduler selects process 22
Scheduler selects process 23
Scheduler selects process 24
Scheduler selects process 25
Scheduler selects process 26
Scheduler selects process 7
Scheduler selects process 27
Scheduler selects process 28
Scheduler selects process 29
Scheduler selects process 30
Scheduler selects process 9
Scheduler selects process 3
Scheduler selects process 10
Scheduler selects process 11
Scheduler selects process 12
Scheduler selects process 13
Scheduler selects process 14
Scheduler selects process 15
Scheduler selects process 16
Scheduler selects process 4
Scheduler selects process 18
Scheduler selects process 20
Scheduler selects process 21
Scheduler selects process 23
Scheduler selects process 24
Scheduler selects process 25
Scheduler selects process 26
Scheduler selects process 7
Scheduler selects process 28
Scheduler selects process 30
Scheduler selects process 9
Scheduler selects process 3
Scheduler selects process 10
Scheduler selects process 11
Scheduler selects process 14
Scheduler selects process 4
Scheduler selects process 20
Scheduler selects process 21
Scheduler selects process 23
Scheduler selects process 25
Scheduler selects process 26
Scheduler selects process 30
Scheduler selects process 10
Scheduler selects process 11
Scheduler selects process 14
Scheduler selects process 23
Scheduler selects process 25
Scheduler selects process 30
Scheduler selects process 11
Scheduler selects process 14
Scheduler selects process 25
Scheduler selects process 30
Scheduler selects process 11
Scheduler selects process 25
Scheduler selects process 30
Scheduler selects process null
------- Finished Running FcfsScheduler --------
----------- Running with seed: 1234... -----------
Scheduler selects process 1
Scheduler selects process 2
Scheduler selects process 3
Scheduler selects process 4
Scheduler selects process 5
Scheduler selects process 6
Scheduler selects process 1
Scheduler selects process 7
Scheduler selects process 8
Scheduler selects process 9
Scheduler selects process 10
Scheduler selects process 11
Scheduler selects process 12
Scheduler selects process 13
Scheduler selects process 14
Scheduler selects process 15
Scheduler selects process 16
Scheduler selects process 2
Scheduler selects process 4
Scheduler selects process 17
Scheduler selects process 18
Scheduler selects process 19
Scheduler selects process 20
Scheduler selects process 5
Scheduler selects process 21
Scheduler selects process 22
Scheduler selects process 23
Scheduler selects process 24
Scheduler selects process 25
Scheduler selects process 1
Scheduler selects process 26
Scheduler selects process 27
Scheduler selects process 28
Scheduler selects process 29
Scheduler selects process 7
Scheduler selects process 30
Scheduler selects process 8
Scheduler selects process 10
Scheduler selects process 11
Scheduler selects process 12
Scheduler selects process 13
Scheduler selects process 14
Scheduler selects process 16
Scheduler selects process 4
Scheduler selects process 17
Scheduler selects process 18
Scheduler selects process 19
Scheduler selects process 20
Scheduler selects process 5
Scheduler selects process 21
Scheduler selects process 22
Scheduler selects process 23
Scheduler selects process 24
Scheduler selects process 25
Scheduler selects process 26
Scheduler selects process 27
Scheduler selects process 28
Scheduler selects process 30
Scheduler selects process 10
Scheduler selects process 11
Scheduler selects process 12
Scheduler selects process 14
Scheduler selects process 4
Scheduler selects process 17
Scheduler selects process 19
Scheduler selects process 20
Scheduler selects process 5
Scheduler selects process 22
Scheduler selects process 23
Scheduler selects process 24
Scheduler selects process 26
Scheduler selects process 30
Scheduler selects process 14
Scheduler selects process 20
Scheduler selects process 5
Scheduler selects process 23
Scheduler selects process 24
Scheduler selects process 30
Scheduler selects process 14
Scheduler selects process 20
Scheduler selects process 5
Scheduler selects process 23
Scheduler selects process 30
Scheduler selects process null
Scheduler selects process 30
Scheduler selects process null
Scheduler selects process 30
Scheduler selects process null
Scheduler selects process 30
Scheduler selects process null
Scheduler selects process 30
Scheduler selects process null
Scheduler selects process 30
Scheduler selects process null
Scheduler selects process 30
Scheduler selects process null
------- Finished Running FcfsScheduler --------
----------- Running with seed: 5678... -----------
Scheduler selects process 1
Scheduler selects process 2
Scheduler selects process 1
Scheduler selects process 3
Scheduler selects process 4
Scheduler selects process 2
Scheduler selects process 1
Scheduler selects process 3
Scheduler selects process 5
Scheduler selects process 6
Scheduler selects process 7
Scheduler selects process 4
Scheduler selects process 8
Scheduler selects process 9
Scheduler selects process 10
Scheduler selects process 11
Scheduler selects process 12
Scheduler selects process 1
Scheduler selects process 13
Scheduler selects process 14
Scheduler selects process 15
Scheduler selects process 16
Scheduler selects process 3
Scheduler selects process 17
Scheduler selects process 18
Scheduler selects process 19
Scheduler selects process 20
Scheduler selects process 21
Scheduler selects process 5
Scheduler selects process 6
Scheduler selects process 7
Scheduler selects process 4
Scheduler selects process 9
Scheduler selects process 10
Scheduler selects process 22
Scheduler selects process 23
Scheduler selects process 24
Scheduler selects process 25
Scheduler selects process 26
Scheduler selects process 27
Scheduler selects process 28
Scheduler selects process 29
Scheduler selects process 30
Scheduler selects process 11
Scheduler selects process 1
Scheduler selects process 13
Scheduler selects process 14
Scheduler selects process 15
Scheduler selects process 16
Scheduler selects process 17
Scheduler selects process 19
Scheduler selects process 20
Scheduler selects process 5
Scheduler selects process 7
Scheduler selects process 4
Scheduler selects process 24
Scheduler selects process 25
Scheduler selects process 26
Scheduler selects process 28
Scheduler selects process 29
Scheduler selects process 30
Scheduler selects process 11
Scheduler selects process 1
Scheduler selects process 13
Scheduler selects process 15
Scheduler selects process 16
Scheduler selects process 17
Scheduler selects process 19
Scheduler selects process 20
Scheduler selects process 7
Scheduler selects process 24
Scheduler selects process 28
Scheduler selects process 29
Scheduler selects process 11
Scheduler selects process 1
Scheduler selects process 13
Scheduler selects process 15
Scheduler selects process 17
Scheduler selects process 19
Scheduler selects process 7
Scheduler selects process 24
Scheduler selects process 11
Scheduler selects process 13
Scheduler selects process 15
Scheduler selects process 17
Scheduler selects process 19
Scheduler selects process 7
Scheduler selects process 13
Scheduler selects process 19
Scheduler selects process 7
Scheduler selects process 19
Scheduler selects process null
Scheduler selects process 19
Scheduler selects process null
------- Finished Running FcfsScheduler --------
----------- Running with seed: 91011... -----------
Scheduler selects process 1
Scheduler selects process null
Scheduler selects process 1
Scheduler selects process 2
Scheduler selects process 3
Scheduler selects process 4
Scheduler selects process 2
Scheduler selects process 5
Scheduler selects process 6
Scheduler selects process 3
Scheduler selects process 4
Scheduler selects process 2
Scheduler selects process 6
Scheduler selects process 7
Scheduler selects process 8
Scheduler selects process 3
Scheduler selects process 9
Scheduler selects process 10
Scheduler selects process 11
Scheduler selects process 12
Scheduler selects process 13
Scheduler selects process 2
Scheduler selects process 14
Scheduler selects process 15
Scheduler selects process 16
Scheduler selects process 17
Scheduler selects process 18
Scheduler selects process 19
Scheduler selects process 6
Scheduler selects process 20
Scheduler selects process 8
Scheduler selects process 21
Scheduler selects process 22
Scheduler selects process 10
Scheduler selects process 23
Scheduler selects process 11
Scheduler selects process 12
Scheduler selects process 24
Scheduler selects process 25
Scheduler selects process 26
Scheduler selects process 27
Scheduler selects process 28
Scheduler selects process 29
Scheduler selects process 30
Scheduler selects process 14
Scheduler selects process 15
Scheduler selects process 16
Scheduler selects process 17
Scheduler selects process 18
Scheduler selects process 19
Scheduler selects process 8
Scheduler selects process 21
Scheduler selects process 22
Scheduler selects process 12
Scheduler selects process 24
Scheduler selects process 25
Scheduler selects process 26
Scheduler selects process 27
Scheduler selects process 28
Scheduler selects process 29
Scheduler selects process 30
Scheduler selects process 14
Scheduler selects process 15
Scheduler selects process 16
Scheduler selects process 18
Scheduler selects process 8
Scheduler selects process 21
Scheduler selects process 22
Scheduler selects process 24
Scheduler selects process 26
Scheduler selects process 27
Scheduler selects process 28
Scheduler selects process 29
Scheduler selects process 30
Scheduler selects process 14
Scheduler selects process 15
Scheduler selects process 16
Scheduler selects process 18
Scheduler selects process 8
Scheduler selects process 22
Scheduler selects process 26
Scheduler selects process 28
Scheduler selects process 29
Scheduler selects process 14
Scheduler selects process 18
Scheduler selects process 22
Scheduler selects process 28
Scheduler selects process 29
Scheduler selects process 14
Scheduler selects process 18
Scheduler selects process 29
Scheduler selects process 14
Scheduler selects process 29
Scheduler selects process 14
Scheduler selects process null
Scheduler selects process 29
Scheduler selects process null
------- Finished Running FcfsScheduler --------
----------- Running FeedbackRRScheduler -----------
written simulator parameters to experiment4/sim_params/FeedbackRRScheduler_sim_params.prp
----------- Running with seed: 5124... -----------
------- Finished Running FeedbackRRScheduler --------
----------- Running with seed: 6789... -----------
------- Finished Running FeedbackRRScheduler --------
----------- Running with seed: 1234... -----------
------- Finished Running FeedbackRRScheduler --------
----------- Running with seed: 5678... -----------
------- Finished Running FeedbackRRScheduler --------
----------- Running with seed: 91011... -----------
------- Finished Running FeedbackRRScheduler --------
----------- Running IdealSJFScheduler -----------
written simulator parameters to experiment4/sim_params/IdealSJFScheduler_sim_params.prp
----------- Running with seed: 5124... -----------
------- Finished Running IdealSJFScheduler --------
----------- Running with seed: 6789... -----------
------- Finished Running IdealSJFScheduler --------
----------- Running with seed: 1234... -----------
------- Finished Running IdealSJFScheduler --------
----------- Running with seed: 5678... -----------
------- Finished Running IdealSJFScheduler --------
----------- Running with seed: 91011... -----------
------- Finished Running IdealSJFScheduler --------
---------------------------------------------------
